=== [Step 1: Raw Input] ===
디자인이 별로에요  그냥 그렇네요.
[app_crash] 화면 멈춤  해결 좀 해주세요.
디자인이 별로에요 ! 그냥 그렇네요.
배송 조회 안됨 ... 그냥 그렇네요.
디자인이 별로에요  그냥 그렇네요.
[app_crash] 화면 멈춤 ㅠㅠ 해결 좀 해주세요.
디자인이 별로에요 ... 그냥 그렇네요.
글씨가 너무 작아요 ㅋㅋ 그냥 그렇네요.
[app_crash] 화면 멈춤 ! 해결 좀 해주세요.
[app_crash] 화면 멈춤 ㅠㅠ 해결 좀 해주세요.
배송 조회 안됨 ! 그냥 그렇네요.
[app_crash] 화면 멈춤 ... 해결 좀 해주세요.
디자인이 별로에요 ! 그냥 그렇네요.
[app_crash] 화면 멈춤  해결 좀 해주세요.
배송 언제 오나요 ㅋㅋ 그냥 그렇네요.
글씨가 너무 작아요 ! 그냥 그렇네요.
글씨가 너무 작아요 ㅋㅋ 그냥 그렇네요.
디자인이 별로에요 ! 그냥 그렇네요.
[app_crash] 화면 멈춤 ㅠㅠ 해결 좀 해주세요.

=== [Step 2: Constructed Prompt Used] ===
(See 20251230_071419_design_logistics_team_prompt.txt for full content)

=== [Step 3: AI Raw Response] ===
### 1 [design_logistics_team] 화면 멈춤 오류 42%, 19 cases
- 이슈 요약 : 앱 화면 멈춤 및 디자인, 배송 불만
- 감정 : 불편, 답답함
- | 불만 유형 | 비율 | 대표 예시 |
  | :--- | :--- | :--- |
  | Tech_Team (화면 멈춤 오류) | 42% | "[app_crash] 화면 멈춤 해결 좀 해주세요." |
  | Design_Team (앱 디자인 불만) | 32% | "디자인이 별로에요 그냥 그렇네요." |
  | Logistics_Team (배송 관련 불만) | 16% | "배송 조회 안됨 ... 그냥 그렇네요." |
  | Design_Team (글씨 크기 불만) | 10% | "글씨가 너무 작아요 ㅋㅋ 그냥 그렇네요." |
- 개선 방향 : 앱 안정성 및 UI/UX 디자인 개선, 배송 정보 제공 강화
