=== [Step 1: Raw Input] ===
디자인이 별로에요  그냥 그렇네요.
[app_crash] 화면 멈춤  해결 좀 해주세요.
디자인이 별로에요 ! 그냥 그렇네요.
배송 조회 안됨 ... 그냥 그렇네요.
디자인이 별로에요  그냥 그렇네요.
[app_crash] 화면 멈춤 ㅠㅠ 해결 좀 해주세요.
디자인이 별로에요 ... 그냥 그렇네요.
글씨가 너무 작아요 ㅋㅋ 그냥 그렇네요.
[app_crash] 화면 멈춤 ! 해결 좀 해주세요.
[app_crash] 화면 멈춤 ㅠㅠ 해결 좀 해주세요.
배송 조회 안됨 ! 그냥 그렇네요.
[app_crash] 화면 멈춤 ... 해결 좀 해주세요.
디자인이 별로에요 ! 그냥 그렇네요.
[app_crash] 화면 멈춤  해결 좀 해주세요.
배송 언제 오나요 ㅋㅋ 그냥 그렇네요.
글씨가 너무 작아요 ! 그냥 그렇네요.
글씨가 너무 작아요 ㅋㅋ 그냥 그렇네요.
디자인이 별로에요 ! 그냥 그렇네요.
[app_crash] 화면 멈춤 ㅠㅠ 해결 좀 해주세요.

=== [Step 2: Constructed Prompt Used] ===
(See 20251230_063927_design_logistics_team_prompt.txt for full content)

=== [Step 3: AI Raw Response] ===
### N [design_logistics_team] UI/UX 불만 47%, 19 cases
- 이슈 요약 : UI/UX 불만 및 앱 화면 멈춤 발생함
- 감정 : 불만, 불편함
- | 불만 유형 | 비율 | 대표 예시 |
  | :--- | :--- | :--- |
  | Design_Team (UI/UX) | 47% | "디자인이 별로에요 그냥 그렇네요." |
  | Tech_Team (앱 화면 멈춤) | 37% | "[app_crash] 화면 멈춤 해결 좀 해주세요." |
  | Logistics_Team (배송 문제) | 16% | "배송 조회 안됨 ... 그냥 그렇네요." |
- 개선 방향 : UI/UX 개선, 앱 안정성 강화 및 배송 정보 정확성 확보
