=== [Step 1: Raw Input] ===
[payment_error] 페이 충전 실패 ! 해결 좀 해주세요.
[payment_error] 결제 오류 ㅠㅠ 해결 좀 해주세요.
[payment_error] 페이 충전 실패 ㅋㅋ 해결 좀 해주세요.
[payment_error] 결제 취소 불가 ... 해결 좀 해주세요.
[payment_error] 결제 오류 ... 해결 좀 해주세요.
[payment_error] 결제 오류 ... 해결 좀 해주세요.
[payment_error] 충전 안됨 ㅠㅠ 해결 좀 해주세요.
[payment_error] 결제 취소 불가 ㅠㅠ 해결 좀 해주세요.

=== [Step 2: Constructed Prompt Used] ===
(See 20251230_063850_billing_team_prompt.txt for full content)

=== [Step 3: AI Raw Response] ===
### 1 [billing_team] 결제/충전 오류 100%, 8 cases
- 이슈 요약 : 결제/충전 실패 및 취소 불가 발생
- 감정 : 불만, 불편
- | 불만 유형 | 비율 | 대표 예시 |
  | :--- | :--- | :--- |
  | 결제 오류 | 38% | "결제 오류 ㅠㅠ" |
  | 충전 실패 | 38% | "페이 충전 실패 !" |
  | 결제 취소 불가 | 25% | "결제 취소 불가 ..." |
- 개선 방향 : 결제 시스템 오류 원인 파악 및 안정화 방안 마련
