=== [Step 1: Raw Input] ===
[payment_error] 결제 오류 ㅠㅠ 해결 좀 해주세요.
[app_crash] 접속 불가 ㅋㅋ 해결 좀 해주세요.
[payment_error] 결제 오류 ... 해결 좀 해주세요.
[payment_error] 결제 오류 ... 해결 좀 해주세요.
[app_crash] 로그인 실패  해결 좀 해주세요.
[app_crash] 접속 불가 ㅋㅋ 해결 좀 해주세요.
[app_crash] 앱 튕김 ㅠㅠ 해결 좀 해주세요.

=== [Step 2: Constructed Prompt Used] ===
(See 20251230_082401_system_team_prompt.txt for full content)

=== [Step 3: AI Raw Response] ===
### 1 [system_team] 앱 기능/접속 오류 57%, 7 cases
- 이슈 요약 : 앱 기능 및 결제 오류 빈발함
- 감정 : 불만, 불편
- | 불만 유형 | 비율 | 대표 예시 |
  | :--- | :--- | :--- |
  | 결제 오류 | 43% | "결제 오류 ㅠㅠ 해결 좀 해주세요." |
  | 접속 불가 | 29% | "접속 불가 ㅋㅋ 해결 좀 해주세요." |
  | 로그인 실패 | 14% | "로그인 실패 해결 좀 해주세요." |
  | 앱 튕김 | 14% | "앱 튕김 ㅠㅠ 해결 좀 해주세요." |
- 개선 방향 : 결제 시스템 안정화 및 앱 기능 오류 개선 진행
