=== [Step 1: Raw Input] ===
디자인이 별로에요  그냥 그렇네요.
[app_crash] 화면 멈춤  해결 좀 해주세요.
디자인이 별로에요 ! 그냥 그렇네요.
배송 조회 안됨 ... 그냥 그렇네요.
디자인이 별로에요  그냥 그렇네요.
[app_crash] 화면 멈춤 ㅠㅠ 해결 좀 해주세요.
디자인이 별로에요 ... 그냥 그렇네요.
글씨가 너무 작아요 ㅋㅋ 그냥 그렇네요.
[app_crash] 화면 멈춤 ! 해결 좀 해주세요.
[app_crash] 화면 멈춤 ㅠㅠ 해결 좀 해주세요.
배송 조회 안됨 ! 그냥 그렇네요.
[app_crash] 화면 멈춤 ... 해결 좀 해주세요.
디자인이 별로에요 ! 그냥 그렇네요.
[app_crash] 화면 멈춤  해결 좀 해주세요.
배송 언제 오나요 ㅋㅋ 그냥 그렇네요.
글씨가 너무 작아요 ! 그냥 그렇네요.
글씨가 너무 작아요 ㅋㅋ 그냥 그렇네요.
디자인이 별로에요 ! 그냥 그렇네요.
[app_crash] 화면 멈춤 ㅠㅠ 해결 좀 해주세요.

=== [Step 2: Constructed Prompt Used] ===
(See 20251230_082418_design_logistics_team_prompt.txt for full content)

=== [Step 3: AI Raw Response] ===
### 1 [design_logistics_team] Design_Team 47%, 19 cases
- 이슈 요약 : 디자인 불만 및 앱 화면 멈춤
- 감정 : 불만, 불편
- | 불만 유형 | 비율 | 대표 예시 |
  | :--- | :--- | :--- |
  | Design_Team | 47% | "디자인이 별로에요" |
  | Tech_Team (Error Type: 화면 멈춤) | 37% | "[app_crash] 화면 멈춤 해결 좀 해주세요." |
  | Logistics | 16% | "배송 조회 안됨" |
- 개선 방향 : 디자인 및 앱 안정성 개선과 배송 정보 투명성 확보
