=== [Step 1: Raw Input] ===
디자인이 별로에요  그냥 그렇네요.
[app_crash] 화면 멈춤  해결 좀 해주세요.
디자인이 별로에요 ! 그냥 그렇네요.
배송 조회 안됨 ... 그냥 그렇네요.
디자인이 별로에요  그냥 그렇네요.
[app_crash] 화면 멈춤 ㅠㅠ 해결 좀 해주세요.
디자인이 별로에요 ... 그냥 그렇네요.
글씨가 너무 작아요 ㅋㅋ 그냥 그렇네요.
[app_crash] 화면 멈춤 ! 해결 좀 해주세요.
[app_crash] 화면 멈춤 ㅠㅠ 해결 좀 해주세요.
배송 조회 안됨 ! 그냥 그렇네요.
[app_crash] 화면 멈춤 ... 해결 좀 해주세요.
디자인이 별로에요 ! 그냥 그렇네요.
[app_crash] 화면 멈춤  해결 좀 해주세요.
배송 언제 오나요 ㅋㅋ 그냥 그렇네요.
글씨가 너무 작아요 ! 그냥 그렇네요.
글씨가 너무 작아요 ㅋㅋ 그냥 그렇네요.
디자인이 별로에요 ! 그냥 그렇네요.
[app_crash] 화면 멈춤 ㅠㅠ 해결 좀 해주세요.

=== [Step 2: Constructed Prompt Used] ===
(See 20251230_084646_design_logistics_team_prompt.txt for full content)

=== [Step 3: AI Raw Response] ===
### N [design_logistics_team] [앱 기능 및 디자인 불만] 84%, 19 cases
- 이슈 요약 : 앱 기능 오류 및 디자인 불만족 다수 발생함.
- 감정 : 불편함, 불만족
- | 불만 유형 | 비율 | 대표 예시 |
  | :--- | :--- | :--- |
  | 앱 화면 멈춤 오류 (Error Type: 화면 멈춤) | 42% | "[app_crash] 화면 멈춤 해결 좀 해주세요." |
  | UI/UX 디자인 불만 | 42% | "디자인이 별로에요" |
  | 배송 관련 문의 | 16% | "배송 조회 안됨" |
- 개선 방향 : 앱 안정성 확보 및 UI/UX 개선, 배송 서비스 정보 명확화 필요함.
