=== [Step 1: Raw Input] ===
디자인이 별로에요  그냥 그렇네요.
[app_crash] 화면 멈춤  해결 좀 해주세요.
디자인이 별로에요 ! 그냥 그렇네요.
배송 조회 안됨 ... 그냥 그렇네요.
디자인이 별로에요  그냥 그렇네요.
[app_crash] 화면 멈춤 ㅠㅠ 해결 좀 해주세요.
디자인이 별로에요 ... 그냥 그렇네요.
글씨가 너무 작아요 ㅋㅋ 그냥 그렇네요.
[app_crash] 화면 멈춤 ! 해결 좀 해주세요.
[app_crash] 화면 멈춤 ㅠㅠ 해결 좀 해주세요.
배송 조회 안됨 ! 그냥 그렇네요.
[app_crash] 화면 멈춤 ... 해결 좀 해주세요.
디자인이 별로에요 ! 그냥 그렇네요.
[app_crash] 화면 멈춤  해결 좀 해주세요.
배송 언제 오나요 ㅋㅋ 그냥 그렇네요.
글씨가 너무 작아요 ! 그냥 그렇네요.
글씨가 너무 작아요 ㅋㅋ 그냥 그렇네요.
디자인이 별로에요 ! 그냥 그렇네요.
[app_crash] 화면 멈춤 ㅠㅠ 해결 좀 해주세요.

=== [Step 2: Constructed Prompt Used] ===
(See 20251230_074509_design_logistics_team_prompt.txt for full content)

=== [Step 3: AI Raw Response] ===
### 19 [design_logistics_team] 앱 화면 멈춤 42.1%, 19 cases
- 이슈 요약 : 앱 화면 멈춤 발생
- 감정 : 오류, 불편
- | 불만 유형 | 비율 | 대표 예시 |
  | :--- | :--- | :--- |
  | 앱 화면 멈춤 (Tech_Team, Error Type: 화면 멈춤) | 42% | "[app_crash] 화면 멈춤 해결 좀 해주세요." |
  | UI/UX 불만 (Design_Team) | 42% | "디자인이 별로에요 그냥 그렇네요." |
  | 배송 관련 불만 (Logistics_Team) | 16% | "배송 조회 안됨 ... 그냥 그렇네요." |
- 개선 방향 : 앱 안정성 강화 및 UI/UX 개선 검토
